[2016-07-20 12:07:35,862] INFO Closing socket connection to /127.0.0.1. (kafka.network.Processor)
[2016-07-20 12:07:35,990] INFO Closing socket connection to /127.0.0.1. (kafka.network.Processor)
[2016-07-20 12:08:46,773] ERROR Closing socket for /127.0.0.1 because of error (kafka.network.Processor)
java.io.IOException: Broken pipe
	at sun.nio.ch.FileDispatcherImpl.write0(Native Method)
	at sun.nio.ch.SocketDispatcher.write(SocketDispatcher.java:47)
	at sun.nio.ch.IOUtil.writeFromNativeBuffer(IOUtil.java:93)
	at sun.nio.ch.IOUtil.write(IOUtil.java:65)
	at sun.nio.ch.SocketChannelImpl.write(SocketChannelImpl.java:471)
	at kafka.api.TopicDataSend.writeTo(FetchResponse.scala:123)
	at kafka.network.MultiSend.writeTo(Transmission.scala:102)
	at kafka.api.FetchResponseSend.writeTo(FetchResponse.scala:231)
	at kafka.network.Processor.write(SocketServer.scala:472)
	at kafka.network.Processor.run(SocketServer.scala:342)
	at java.lang.Thread.run(Thread.java:745)
[2016-07-20 12:08:55,109] INFO Closing socket connection to /127.0.0.1. (kafka.network.Processor)
[2016-07-20 12:12:44,712] ERROR Closing socket for /127.0.0.1 because of error (kafka.network.Processor)
java.io.IOException: Broken pipe
	at sun.nio.ch.FileDispatcherImpl.write0(Native Method)
	at sun.nio.ch.SocketDispatcher.write(SocketDispatcher.java:47)
	at sun.nio.ch.IOUtil.writeFromNativeBuffer(IOUtil.java:93)
	at sun.nio.ch.IOUtil.write(IOUtil.java:65)
	at sun.nio.ch.SocketChannelImpl.write(SocketChannelImpl.java:471)
	at kafka.api.TopicDataSend.writeTo(FetchResponse.scala:123)
	at kafka.network.MultiSend.writeTo(Transmission.scala:102)
	at kafka.api.FetchResponseSend.writeTo(FetchResponse.scala:231)
	at kafka.network.Processor.write(SocketServer.scala:472)
	at kafka.network.Processor.run(SocketServer.scala:342)
	at java.lang.Thread.run(Thread.java:745)
[2016-07-20 12:17:35,035] INFO Closing socket connection to /127.0.0.1. (kafka.network.Processor)
[2016-07-20 12:17:35,084] INFO Closing socket connection to /127.0.0.1. (kafka.network.Processor)
[2016-07-20 12:18:55,361] INFO Closing socket connection to /127.0.0.1. (kafka.network.Processor)
[2016-07-20 12:18:55,416] INFO Closing socket connection to /127.0.0.1. (kafka.network.Processor)
[2016-07-20 12:20:10,379] INFO Closing socket connection to /127.0.0.1. (kafka.network.Processor)
[2016-07-20 12:23:08,815] INFO Closing socket connection to /127.0.0.1. (kafka.network.Processor)
[2016-07-20 12:23:08,872] INFO Closing socket connection to /127.0.0.1. (kafka.network.Processor)
[2016-07-20 12:23:10,370] INFO Closing socket connection to /127.0.0.1. (kafka.network.Processor)
[2016-07-20 12:23:10,433] INFO Closing socket connection to /127.0.0.1. (kafka.network.Processor)
[2016-07-20 12:23:11,770] INFO Closing socket connection to /127.0.0.1. (kafka.network.Processor)
[2016-07-20 12:23:11,828] INFO Closing socket connection to /127.0.0.1. (kafka.network.Processor)
[2016-07-20 12:23:15,088] INFO Closing socket connection to /127.0.0.1. (kafka.network.Processor)
[2016-07-20 12:23:15,147] INFO Closing socket connection to /127.0.0.1. (kafka.network.Processor)
[2016-07-20 12:23:16,540] INFO Closing socket connection to /127.0.0.1. (kafka.network.Processor)
[2016-07-20 12:23:16,598] INFO Closing socket connection to /127.0.0.1. (kafka.network.Processor)
[2016-07-20 12:23:18,074] INFO Closing socket connection to /127.0.0.1. (kafka.network.Processor)
[2016-07-20 12:23:18,131] INFO Closing socket connection to /127.0.0.1. (kafka.network.Processor)
[2016-07-20 12:23:20,583] INFO Closing socket connection to /127.0.0.1. (kafka.network.Processor)
[2016-07-20 12:23:20,639] INFO Closing socket connection to /127.0.0.1. (kafka.network.Processor)
[2016-07-20 12:23:22,195] INFO Closing socket connection to /127.0.0.1. (kafka.network.Processor)
[2016-07-20 12:23:22,251] INFO Closing socket connection to /127.0.0.1. (kafka.network.Processor)
[2016-07-20 12:23:25,796] INFO Closing socket connection to /127.0.0.1. (kafka.network.Processor)
[2016-07-20 12:23:25,855] INFO Closing socket connection to /127.0.0.1. (kafka.network.Processor)
[2016-07-20 12:23:29,023] INFO Closing socket connection to /127.0.0.1. (kafka.network.Processor)
[2016-07-20 12:23:29,079] INFO Closing socket connection to /127.0.0.1. (kafka.network.Processor)
[2016-07-20 12:23:30,679] INFO Closing socket connection to /127.0.0.1. (kafka.network.Processor)
[2016-07-20 12:23:30,738] INFO Closing socket connection to /127.0.0.1. (kafka.network.Processor)
[2016-07-20 12:23:33,168] INFO Closing socket connection to /127.0.0.1. (kafka.network.Processor)
[2016-07-20 12:23:33,225] INFO Closing socket connection to /127.0.0.1. (kafka.network.Processor)
