[2016-07-20 11:01:42,893] TRACE Controller 0 epoch 4 started leader election for partition [test,0] (state.change.logger)
[2016-07-20 11:01:42,919] ERROR Controller 0 epoch 4 initiated state change for partition [test,0] from OfflinePartition to OnlinePartition failed (state.change.logger)
kafka.common.NoReplicaOnlineException: No replica for partition [test,0] is alive. Live brokers are: [Set()], Assigned replicas are: [List(0)]
	at kafka.controller.OfflinePartitionLeaderSelector.selectLeader(PartitionLeaderSelector.scala:75)
	at kafka.controller.PartitionStateMachine.electLeaderForPartition(PartitionStateMachine.scala:357)
	at kafka.controller.PartitionStateMachine.kafka$controller$PartitionStateMachine$$handleStateChange(PartitionStateMachine.scala:206)
	at kafka.controller.PartitionStateMachine$$anonfun$triggerOnlinePartitionStateChange$3.apply(PartitionStateMachine.scala:120)
	at kafka.controller.PartitionStateMachine$$anonfun$triggerOnlinePartitionStateChange$3.apply(PartitionStateMachine.scala:117)
	at scala.collection.TraversableLike$WithFilter$$anonfun$foreach$1.apply(TraversableLike.scala:704)
	at scala.collection.mutable.HashMap$$anonfun$foreach$1.apply(HashMap.scala:93)
	at scala.collection.mutable.HashMap$$anonfun$foreach$1.apply(HashMap.scala:93)
	at scala.collection.Iterator$class.foreach(Iterator.scala:660)
	at scala.collection.mutable.HashTable$$anon$1.foreach(HashTable.scala:157)
	at scala.collection.mutable.HashTable$class.foreachEntry(HashTable.scala:190)
	at scala.collection.mutable.HashMap.foreachEntry(HashMap.scala:43)
	at scala.collection.mutable.HashMap.foreach(HashMap.scala:93)
	at scala.collection.TraversableLike$WithFilter.foreach(TraversableLike.scala:703)
	at kafka.controller.PartitionStateMachine.triggerOnlinePartitionStateChange(PartitionStateMachine.scala:117)
	at kafka.controller.PartitionStateMachine.startup(PartitionStateMachine.scala:70)
	at kafka.controller.KafkaController.onControllerFailover(KafkaController.scala:314)
	at kafka.controller.KafkaController$$anonfun$1.apply$mcV$sp(KafkaController.scala:161)
	at kafka.server.ZookeeperLeaderElector.elect(ZookeeperLeaderElector.scala:81)
	at kafka.server.ZookeeperLeaderElector$$anonfun$startup$1.apply$mcZ$sp(ZookeeperLeaderElector.scala:49)
	at kafka.server.ZookeeperLeaderElector$$anonfun$startup$1.apply(ZookeeperLeaderElector.scala:47)
	at kafka.server.ZookeeperLeaderElector$$anonfun$startup$1.apply(ZookeeperLeaderElector.scala:47)
	at kafka.utils.Utils$.inLock(Utils.scala:535)
	at kafka.server.ZookeeperLeaderElector.startup(ZookeeperLeaderElector.scala:47)
	at kafka.controller.KafkaController$$anonfun$startup$1.apply$mcV$sp(KafkaController.scala:650)
	at kafka.controller.KafkaController$$anonfun$startup$1.apply(KafkaController.scala:646)
	at kafka.controller.KafkaController$$anonfun$startup$1.apply(KafkaController.scala:646)
	at kafka.utils.Utils$.inLock(Utils.scala:535)
	at kafka.controller.KafkaController.startup(KafkaController.scala:646)
	at kafka.server.KafkaServer.startup(KafkaServer.scala:117)
	at kafka.server.KafkaServerStartable.startup(KafkaServerStartable.scala:29)
	at kafka.Kafka$.main(Kafka.scala:46)
	at kafka.Kafka.main(Kafka.scala)
[2016-07-20 11:01:42,931] TRACE Controller 0 epoch 4 started leader election for partition [hello,0] (state.change.logger)
[2016-07-20 11:01:42,945] ERROR Controller 0 epoch 4 initiated state change for partition [hello,0] from OfflinePartition to OnlinePartition failed (state.change.logger)
kafka.common.NoReplicaOnlineException: No replica for partition [hello,0] is alive. Live brokers are: [Set()], Assigned replicas are: [List(0)]
	at kafka.controller.OfflinePartitionLeaderSelector.selectLeader(PartitionLeaderSelector.scala:75)
	at kafka.controller.PartitionStateMachine.electLeaderForPartition(PartitionStateMachine.scala:357)
	at kafka.controller.PartitionStateMachine.kafka$controller$PartitionStateMachine$$handleStateChange(PartitionStateMachine.scala:206)
	at kafka.controller.PartitionStateMachine$$anonfun$triggerOnlinePartitionStateChange$3.apply(PartitionStateMachine.scala:120)
	at kafka.controller.PartitionStateMachine$$anonfun$triggerOnlinePartitionStateChange$3.apply(PartitionStateMachine.scala:117)
	at scala.collection.TraversableLike$WithFilter$$anonfun$foreach$1.apply(TraversableLike.scala:704)
	at scala.collection.mutable.HashMap$$anonfun$foreach$1.apply(HashMap.scala:93)
	at scala.collection.mutable.HashMap$$anonfun$foreach$1.apply(HashMap.scala:93)
	at scala.collection.Iterator$class.foreach(Iterator.scala:660)
	at scala.collection.mutable.HashTable$$anon$1.foreach(HashTable.scala:157)
	at scala.collection.mutable.HashTable$class.foreachEntry(HashTable.scala:190)
	at scala.collection.mutable.HashMap.foreachEntry(HashMap.scala:43)
	at scala.collection.mutable.HashMap.foreach(HashMap.scala:93)
	at scala.collection.TraversableLike$WithFilter.foreach(TraversableLike.scala:703)
	at kafka.controller.PartitionStateMachine.triggerOnlinePartitionStateChange(PartitionStateMachine.scala:117)
	at kafka.controller.PartitionStateMachine.startup(PartitionStateMachine.scala:70)
	at kafka.controller.KafkaController.onControllerFailover(KafkaController.scala:314)
	at kafka.controller.KafkaController$$anonfun$1.apply$mcV$sp(KafkaController.scala:161)
	at kafka.server.ZookeeperLeaderElector.elect(ZookeeperLeaderElector.scala:81)
	at kafka.server.ZookeeperLeaderElector$$anonfun$startup$1.apply$mcZ$sp(ZookeeperLeaderElector.scala:49)
	at kafka.server.ZookeeperLeaderElector$$anonfun$startup$1.apply(ZookeeperLeaderElector.scala:47)
	at kafka.server.ZookeeperLeaderElector$$anonfun$startup$1.apply(ZookeeperLeaderElector.scala:47)
	at kafka.utils.Utils$.inLock(Utils.scala:535)
	at kafka.server.ZookeeperLeaderElector.startup(ZookeeperLeaderElector.scala:47)
	at kafka.controller.KafkaController$$anonfun$startup$1.apply$mcV$sp(KafkaController.scala:650)
	at kafka.controller.KafkaController$$anonfun$startup$1.apply(KafkaController.scala:646)
	at kafka.controller.KafkaController$$anonfun$startup$1.apply(KafkaController.scala:646)
	at kafka.utils.Utils$.inLock(Utils.scala:535)
	at kafka.controller.KafkaController.startup(KafkaController.scala:646)
	at kafka.server.KafkaServer.startup(KafkaServer.scala:117)
	at kafka.server.KafkaServerStartable.startup(KafkaServerStartable.scala:29)
	at kafka.Kafka$.main(Kafka.scala:46)
	at kafka.Kafka.main(Kafka.scala)
[2016-07-20 11:01:42,945] TRACE Controller 0 epoch 4 started leader election for partition [sample,0] (state.change.logger)
[2016-07-20 11:01:42,973] ERROR Controller 0 epoch 4 initiated state change for partition [sample,0] from OfflinePartition to OnlinePartition failed (state.change.logger)
kafka.common.NoReplicaOnlineException: No replica for partition [sample,0] is alive. Live brokers are: [Set()], Assigned replicas are: [List(0)]
	at kafka.controller.OfflinePartitionLeaderSelector.selectLeader(PartitionLeaderSelector.scala:75)
	at kafka.controller.PartitionStateMachine.electLeaderForPartition(PartitionStateMachine.scala:357)
	at kafka.controller.PartitionStateMachine.kafka$controller$PartitionStateMachine$$handleStateChange(PartitionStateMachine.scala:206)
	at kafka.controller.PartitionStateMachine$$anonfun$triggerOnlinePartitionStateChange$3.apply(PartitionStateMachine.scala:120)
	at kafka.controller.PartitionStateMachine$$anonfun$triggerOnlinePartitionStateChange$3.apply(PartitionStateMachine.scala:117)
	at scala.collection.TraversableLike$WithFilter$$anonfun$foreach$1.apply(TraversableLike.scala:704)
	at scala.collection.mutable.HashMap$$anonfun$foreach$1.apply(HashMap.scala:93)
	at scala.collection.mutable.HashMap$$anonfun$foreach$1.apply(HashMap.scala:93)
	at scala.collection.Iterator$class.foreach(Iterator.scala:660)
	at scala.collection.mutable.HashTable$$anon$1.foreach(HashTable.scala:157)
	at scala.collection.mutable.HashTable$class.foreachEntry(HashTable.scala:190)
	at scala.collection.mutable.HashMap.foreachEntry(HashMap.scala:43)
	at scala.collection.mutable.HashMap.foreach(HashMap.scala:93)
	at scala.collection.TraversableLike$WithFilter.foreach(TraversableLike.scala:703)
	at kafka.controller.PartitionStateMachine.triggerOnlinePartitionStateChange(PartitionStateMachine.scala:117)
	at kafka.controller.PartitionStateMachine.startup(PartitionStateMachine.scala:70)
	at kafka.controller.KafkaController.onControllerFailover(KafkaController.scala:314)
	at kafka.controller.KafkaController$$anonfun$1.apply$mcV$sp(KafkaController.scala:161)
	at kafka.server.ZookeeperLeaderElector.elect(ZookeeperLeaderElector.scala:81)
	at kafka.server.ZookeeperLeaderElector$$anonfun$startup$1.apply$mcZ$sp(ZookeeperLeaderElector.scala:49)
	at kafka.server.ZookeeperLeaderElector$$anonfun$startup$1.apply(ZookeeperLeaderElector.scala:47)
	at kafka.server.ZookeeperLeaderElector$$anonfun$startup$1.apply(ZookeeperLeaderElector.scala:47)
	at kafka.utils.Utils$.inLock(Utils.scala:535)
	at kafka.server.ZookeeperLeaderElector.startup(ZookeeperLeaderElector.scala:47)
	at kafka.controller.KafkaController$$anonfun$startup$1.apply$mcV$sp(KafkaController.scala:650)
	at kafka.controller.KafkaController$$anonfun$startup$1.apply(KafkaController.scala:646)
	at kafka.controller.KafkaController$$anonfun$startup$1.apply(KafkaController.scala:646)
	at kafka.utils.Utils$.inLock(Utils.scala:535)
	at kafka.controller.KafkaController.startup(KafkaController.scala:646)
	at kafka.server.KafkaServer.startup(KafkaServer.scala:117)
	at kafka.server.KafkaServerStartable.startup(KafkaServerStartable.scala:29)
	at kafka.Kafka$.main(Kafka.scala:46)
	at kafka.Kafka.main(Kafka.scala)
[2016-07-20 11:01:42,980] TRACE Controller 0 epoch 4 started leader election for partition [helloworld,0] (state.change.logger)
[2016-07-20 11:01:42,998] ERROR Controller 0 epoch 4 initiated state change for partition [helloworld,0] from OfflinePartition to OnlinePartition failed (state.change.logger)
kafka.common.NoReplicaOnlineException: No replica for partition [helloworld,0] is alive. Live brokers are: [Set()], Assigned replicas are: [List(0)]
	at kafka.controller.OfflinePartitionLeaderSelector.selectLeader(PartitionLeaderSelector.scala:75)
	at kafka.controller.PartitionStateMachine.electLeaderForPartition(PartitionStateMachine.scala:357)
	at kafka.controller.PartitionStateMachine.kafka$controller$PartitionStateMachine$$handleStateChange(PartitionStateMachine.scala:206)
	at kafka.controller.PartitionStateMachine$$anonfun$triggerOnlinePartitionStateChange$3.apply(PartitionStateMachine.scala:120)
	at kafka.controller.PartitionStateMachine$$anonfun$triggerOnlinePartitionStateChange$3.apply(PartitionStateMachine.scala:117)
	at scala.collection.TraversableLike$WithFilter$$anonfun$foreach$1.apply(TraversableLike.scala:704)
	at scala.collection.mutable.HashMap$$anonfun$foreach$1.apply(HashMap.scala:93)
	at scala.collection.mutable.HashMap$$anonfun$foreach$1.apply(HashMap.scala:93)
	at scala.collection.Iterator$class.foreach(Iterator.scala:660)
	at scala.collection.mutable.HashTable$$anon$1.foreach(HashTable.scala:157)
	at scala.collection.mutable.HashTable$class.foreachEntry(HashTable.scala:190)
	at scala.collection.mutable.HashMap.foreachEntry(HashMap.scala:43)
	at scala.collection.mutable.HashMap.foreach(HashMap.scala:93)
	at scala.collection.TraversableLike$WithFilter.foreach(TraversableLike.scala:703)
	at kafka.controller.PartitionStateMachine.triggerOnlinePartitionStateChange(PartitionStateMachine.scala:117)
	at kafka.controller.PartitionStateMachine.startup(PartitionStateMachine.scala:70)
	at kafka.controller.KafkaController.onControllerFailover(KafkaController.scala:314)
	at kafka.controller.KafkaController$$anonfun$1.apply$mcV$sp(KafkaController.scala:161)
	at kafka.server.ZookeeperLeaderElector.elect(ZookeeperLeaderElector.scala:81)
	at kafka.server.ZookeeperLeaderElector$$anonfun$startup$1.apply$mcZ$sp(ZookeeperLeaderElector.scala:49)
	at kafka.server.ZookeeperLeaderElector$$anonfun$startup$1.apply(ZookeeperLeaderElector.scala:47)
	at kafka.server.ZookeeperLeaderElector$$anonfun$startup$1.apply(ZookeeperLeaderElector.scala:47)
	at kafka.utils.Utils$.inLock(Utils.scala:535)
	at kafka.server.ZookeeperLeaderElector.startup(ZookeeperLeaderElector.scala:47)
	at kafka.controller.KafkaController$$anonfun$startup$1.apply$mcV$sp(KafkaController.scala:650)
	at kafka.controller.KafkaController$$anonfun$startup$1.apply(KafkaController.scala:646)
	at kafka.controller.KafkaController$$anonfun$startup$1.apply(KafkaController.scala:646)
	at kafka.utils.Utils$.inLock(Utils.scala:535)
	at kafka.controller.KafkaController.startup(KafkaController.scala:646)
	at kafka.server.KafkaServer.startup(KafkaServer.scala:117)
	at kafka.server.KafkaServerStartable.startup(KafkaServerStartable.scala:29)
	at kafka.Kafka$.main(Kafka.scala:46)
	at kafka.Kafka.main(Kafka.scala)
[2016-07-20 11:01:43,139] TRACE Controller 0 epoch 4 sending UpdateMetadata request (Leader:0,ISR:0,LeaderEpoch:1,ControllerEpoch:3) with correlationId 3 to broker 0 for partition [test,0] (state.change.logger)
[2016-07-20 11:01:43,141] TRACE Controller 0 epoch 4 sending UpdateMetadata request (Leader:0,ISR:0,LeaderEpoch:0,ControllerEpoch:3) with correlationId 3 to broker 0 for partition [hello,0] (state.change.logger)
[2016-07-20 11:01:43,142] TRACE Controller 0 epoch 4 sending UpdateMetadata request (Leader:0,ISR:0,LeaderEpoch:0,ControllerEpoch:3) with correlationId 3 to broker 0 for partition [sample,0] (state.change.logger)
[2016-07-20 11:01:43,142] TRACE Controller 0 epoch 4 sending UpdateMetadata request (Leader:0,ISR:0,LeaderEpoch:1,ControllerEpoch:3) with correlationId 3 to broker 0 for partition [helloworld,0] (state.change.logger)
[2016-07-20 11:01:43,175] TRACE Controller 0 epoch 4 changed state of replica 0 for partition [test,0] from ReplicaDeletionIneligible to OnlineReplica (state.change.logger)
[2016-07-20 11:01:43,176] TRACE Controller 0 epoch 4 changed state of replica 0 for partition [hello,0] from ReplicaDeletionIneligible to OnlineReplica (state.change.logger)
[2016-07-20 11:01:43,181] TRACE Controller 0 epoch 4 changed state of replica 0 for partition [sample,0] from ReplicaDeletionIneligible to OnlineReplica (state.change.logger)
[2016-07-20 11:01:43,182] TRACE Controller 0 epoch 4 changed state of replica 0 for partition [helloworld,0] from ReplicaDeletionIneligible to OnlineReplica (state.change.logger)
[2016-07-20 11:01:43,186] TRACE Controller 0 epoch 4 sending become-leader LeaderAndIsr request (Leader:0,ISR:0,LeaderEpoch:1,ControllerEpoch:3) with correlationId 4 to broker 0 for partition [test,0] (state.change.logger)
[2016-07-20 11:01:43,186] TRACE Controller 0 epoch 4 sending become-leader LeaderAndIsr request (Leader:0,ISR:0,LeaderEpoch:0,ControllerEpoch:3) with correlationId 4 to broker 0 for partition [hello,0] (state.change.logger)
[2016-07-20 11:01:43,187] TRACE Controller 0 epoch 4 sending become-leader LeaderAndIsr request (Leader:0,ISR:0,LeaderEpoch:0,ControllerEpoch:3) with correlationId 4 to broker 0 for partition [sample,0] (state.change.logger)
[2016-07-20 11:01:43,187] TRACE Controller 0 epoch 4 sending become-leader LeaderAndIsr request (Leader:0,ISR:0,LeaderEpoch:1,ControllerEpoch:3) with correlationId 4 to broker 0 for partition [helloworld,0] (state.change.logger)
[2016-07-20 11:01:43,188] TRACE Controller 0 epoch 4 sending UpdateMetadata request (Leader:0,ISR:0,LeaderEpoch:1,ControllerEpoch:3) with correlationId 4 to broker 0 for partition [test,0] (state.change.logger)
[2016-07-20 11:01:43,188] TRACE Controller 0 epoch 4 sending UpdateMetadata request (Leader:0,ISR:0,LeaderEpoch:0,ControllerEpoch:3) with correlationId 4 to broker 0 for partition [hello,0] (state.change.logger)
[2016-07-20 11:01:43,189] TRACE Controller 0 epoch 4 sending UpdateMetadata request (Leader:0,ISR:0,LeaderEpoch:0,ControllerEpoch:3) with correlationId 4 to broker 0 for partition [sample,0] (state.change.logger)
[2016-07-20 11:01:43,189] TRACE Controller 0 epoch 4 sending UpdateMetadata request (Leader:0,ISR:0,LeaderEpoch:1,ControllerEpoch:3) with correlationId 4 to broker 0 for partition [helloworld,0] (state.change.logger)
[2016-07-20 11:01:43,189] TRACE Controller 0 epoch 4 started leader election for partition [test,0] (state.change.logger)
[2016-07-20 11:01:43,223] TRACE Controller 0 epoch 4 elected leader 0 for Offline partition [test,0] (state.change.logger)
[2016-07-20 11:01:43,243] TRACE Controller 0 epoch 4 changed partition [test,0] from OfflinePartition to OnlinePartition with leader 0 (state.change.logger)
[2016-07-20 11:01:43,243] TRACE Controller 0 epoch 4 started leader election for partition [hello,0] (state.change.logger)
[2016-07-20 11:01:43,247] TRACE Broker 0 cached leader info (LeaderAndIsrInfo:(Leader:0,ISR:0,LeaderEpoch:1,ControllerEpoch:3),ReplicationFactor:1),AllReplicas:0) for partition [test,0] in response to UpdateMetadata request sent by controller 0 epoch 4 with correlation id 3 (state.change.logger)
[2016-07-20 11:01:43,247] TRACE Broker 0 cached leader info (LeaderAndIsrInfo:(Leader:0,ISR:0,LeaderEpoch:0,ControllerEpoch:3),ReplicationFactor:1),AllReplicas:0) for partition [hello,0] in response to UpdateMetadata request sent by controller 0 epoch 4 with correlation id 3 (state.change.logger)
[2016-07-20 11:01:43,247] TRACE Broker 0 cached leader info (LeaderAndIsrInfo:(Leader:0,ISR:0,LeaderEpoch:0,ControllerEpoch:3),ReplicationFactor:1),AllReplicas:0) for partition [sample,0] in response to UpdateMetadata request sent by controller 0 epoch 4 with correlation id 3 (state.change.logger)
[2016-07-20 11:01:43,248] TRACE Broker 0 cached leader info (LeaderAndIsrInfo:(Leader:0,ISR:0,LeaderEpoch:1,ControllerEpoch:3),ReplicationFactor:1),AllReplicas:0) for partition [helloworld,0] in response to UpdateMetadata request sent by controller 0 epoch 4 with correlation id 3 (state.change.logger)
[2016-07-20 11:01:43,272] TRACE Controller 0 epoch 4 elected leader 0 for Offline partition [hello,0] (state.change.logger)
[2016-07-20 11:01:43,273] TRACE Controller 0 epoch 4 changed partition [hello,0] from OfflinePartition to OnlinePartition with leader 0 (state.change.logger)
[2016-07-20 11:01:43,274] TRACE Controller 0 epoch 4 started leader election for partition [sample,0] (state.change.logger)
[2016-07-20 11:01:43,289] TRACE Controller 0 epoch 4 elected leader 0 for Offline partition [sample,0] (state.change.logger)
[2016-07-20 11:01:43,290] TRACE Controller 0 epoch 4 received response UpdateMetadataResponse(3,0) for a request sent to broker id:0,host:ajesh,port:9092 (state.change.logger)
[2016-07-20 11:01:43,290] TRACE Controller 0 epoch 4 changed partition [sample,0] from OfflinePartition to OnlinePartition with leader 0 (state.change.logger)
[2016-07-20 11:01:43,290] TRACE Controller 0 epoch 4 started leader election for partition [helloworld,0] (state.change.logger)
[2016-07-20 11:01:43,305] TRACE Controller 0 epoch 4 elected leader 0 for Offline partition [helloworld,0] (state.change.logger)
[2016-07-20 11:01:43,306] TRACE Controller 0 epoch 4 changed partition [helloworld,0] from OfflinePartition to OnlinePartition with leader 0 (state.change.logger)
[2016-07-20 11:01:43,306] TRACE Controller 0 epoch 4 sending become-leader LeaderAndIsr request (Leader:0,ISR:0,LeaderEpoch:2,ControllerEpoch:4) with correlationId 5 to broker 0 for partition [test,0] (state.change.logger)
[2016-07-20 11:01:43,306] TRACE Controller 0 epoch 4 sending become-leader LeaderAndIsr request (Leader:0,ISR:0,LeaderEpoch:1,ControllerEpoch:4) with correlationId 5 to broker 0 for partition [hello,0] (state.change.logger)
[2016-07-20 11:01:43,306] TRACE Controller 0 epoch 4 sending become-leader LeaderAndIsr request (Leader:0,ISR:0,LeaderEpoch:1,ControllerEpoch:4) with correlationId 5 to broker 0 for partition [sample,0] (state.change.logger)
[2016-07-20 11:01:43,307] TRACE Controller 0 epoch 4 sending become-leader LeaderAndIsr request (Leader:0,ISR:0,LeaderEpoch:2,ControllerEpoch:4) with correlationId 5 to broker 0 for partition [helloworld,0] (state.change.logger)
[2016-07-20 11:01:43,307] TRACE Controller 0 epoch 4 sending UpdateMetadata request (Leader:0,ISR:0,LeaderEpoch:2,ControllerEpoch:4) with correlationId 5 to broker 0 for partition [test,0] (state.change.logger)
[2016-07-20 11:01:43,307] TRACE Controller 0 epoch 4 sending UpdateMetadata request (Leader:0,ISR:0,LeaderEpoch:1,ControllerEpoch:4) with correlationId 5 to broker 0 for partition [hello,0] (state.change.logger)
[2016-07-20 11:01:43,307] TRACE Controller 0 epoch 4 sending UpdateMetadata request (Leader:0,ISR:0,LeaderEpoch:1,ControllerEpoch:4) with correlationId 5 to broker 0 for partition [sample,0] (state.change.logger)
[2016-07-20 11:01:43,307] TRACE Controller 0 epoch 4 sending UpdateMetadata request (Leader:0,ISR:0,LeaderEpoch:2,ControllerEpoch:4) with correlationId 5 to broker 0 for partition [helloworld,0] (state.change.logger)
[2016-07-20 11:01:43,355] TRACE Broker 0 received LeaderAndIsr request (LeaderAndIsrInfo:(Leader:0,ISR:0,LeaderEpoch:1,ControllerEpoch:3),ReplicationFactor:1),AllReplicas:0) correlation id 4 from controller 0 epoch 4 for partition [test,0] (state.change.logger)
[2016-07-20 11:01:43,355] TRACE Broker 0 received LeaderAndIsr request (LeaderAndIsrInfo:(Leader:0,ISR:0,LeaderEpoch:0,ControllerEpoch:3),ReplicationFactor:1),AllReplicas:0) correlation id 4 from controller 0 epoch 4 for partition [hello,0] (state.change.logger)
[2016-07-20 11:01:43,355] TRACE Broker 0 received LeaderAndIsr request (LeaderAndIsrInfo:(Leader:0,ISR:0,LeaderEpoch:0,ControllerEpoch:3),ReplicationFactor:1),AllReplicas:0) correlation id 4 from controller 0 epoch 4 for partition [sample,0] (state.change.logger)
[2016-07-20 11:01:43,356] TRACE Broker 0 received LeaderAndIsr request (LeaderAndIsrInfo:(Leader:0,ISR:0,LeaderEpoch:1,ControllerEpoch:3),ReplicationFactor:1),AllReplicas:0) correlation id 4 from controller 0 epoch 4 for partition [helloworld,0] (state.change.logger)
[2016-07-20 11:01:43,364] TRACE Broker 0 handling LeaderAndIsr request correlationId 4 from controller 0 epoch 4 starting the become-leader transition for partition [test,0] (state.change.logger)
[2016-07-20 11:01:43,365] TRACE Broker 0 handling LeaderAndIsr request correlationId 4 from controller 0 epoch 4 starting the become-leader transition for partition [hello,0] (state.change.logger)
[2016-07-20 11:01:43,365] TRACE Broker 0 handling LeaderAndIsr request correlationId 4 from controller 0 epoch 4 starting the become-leader transition for partition [sample,0] (state.change.logger)
[2016-07-20 11:01:43,365] TRACE Broker 0 handling LeaderAndIsr request correlationId 4 from controller 0 epoch 4 starting the become-leader transition for partition [helloworld,0] (state.change.logger)
[2016-07-20 11:01:43,369] TRACE Broker 0 stopped fetchers as part of become-leader request from controller 0 epoch 4 with correlation id 4 for partition [test,0] (state.change.logger)
[2016-07-20 11:01:43,369] TRACE Broker 0 stopped fetchers as part of become-leader request from controller 0 epoch 4 with correlation id 4 for partition [hello,0] (state.change.logger)
[2016-07-20 11:01:43,369] TRACE Broker 0 stopped fetchers as part of become-leader request from controller 0 epoch 4 with correlation id 4 for partition [sample,0] (state.change.logger)
[2016-07-20 11:01:43,370] TRACE Broker 0 stopped fetchers as part of become-leader request from controller 0 epoch 4 with correlation id 4 for partition [helloworld,0] (state.change.logger)
[2016-07-20 11:01:43,456] TRACE Broker 0 completed LeaderAndIsr request correlationId 4 from controller 0 epoch 4 for the become-leader transition for partition [test,0] (state.change.logger)
[2016-07-20 11:01:43,456] TRACE Broker 0 completed LeaderAndIsr request correlationId 4 from controller 0 epoch 4 for the become-leader transition for partition [hello,0] (state.change.logger)
[2016-07-20 11:01:43,456] TRACE Broker 0 completed LeaderAndIsr request correlationId 4 from controller 0 epoch 4 for the become-leader transition for partition [sample,0] (state.change.logger)
[2016-07-20 11:01:43,456] TRACE Broker 0 completed LeaderAndIsr request correlationId 4 from controller 0 epoch 4 for the become-leader transition for partition [helloworld,0] (state.change.logger)
[2016-07-20 11:01:43,467] TRACE Controller 0 epoch 4 received response LeaderAndIsrResponse(4,Map((test,0) -> 0, (hello,0) -> 0, (sample,0) -> 0, (helloworld,0) -> 0),0) for a request sent to broker id:0,host:ajesh,port:9092 (state.change.logger)
[2016-07-20 11:01:43,469] TRACE Broker 0 cached leader info (LeaderAndIsrInfo:(Leader:0,ISR:0,LeaderEpoch:1,ControllerEpoch:3),ReplicationFactor:1),AllReplicas:0) for partition [test,0] in response to UpdateMetadata request sent by controller 0 epoch 4 with correlation id 4 (state.change.logger)
[2016-07-20 11:01:43,469] TRACE Broker 0 cached leader info (LeaderAndIsrInfo:(Leader:0,ISR:0,LeaderEpoch:0,ControllerEpoch:3),ReplicationFactor:1),AllReplicas:0) for partition [hello,0] in response to UpdateMetadata request sent by controller 0 epoch 4 with correlation id 4 (state.change.logger)
[2016-07-20 11:01:43,469] TRACE Broker 0 cached leader info (LeaderAndIsrInfo:(Leader:0,ISR:0,LeaderEpoch:0,ControllerEpoch:3),ReplicationFactor:1),AllReplicas:0) for partition [sample,0] in response to UpdateMetadata request sent by controller 0 epoch 4 with correlation id 4 (state.change.logger)
[2016-07-20 11:01:43,470] TRACE Broker 0 cached leader info (LeaderAndIsrInfo:(Leader:0,ISR:0,LeaderEpoch:1,ControllerEpoch:3),ReplicationFactor:1),AllReplicas:0) for partition [helloworld,0] in response to UpdateMetadata request sent by controller 0 epoch 4 with correlation id 4 (state.change.logger)
[2016-07-20 11:01:43,470] TRACE Controller 0 epoch 4 received response UpdateMetadataResponse(4,0) for a request sent to broker id:0,host:ajesh,port:9092 (state.change.logger)
[2016-07-20 11:01:43,474] TRACE Broker 0 received LeaderAndIsr request (LeaderAndIsrInfo:(Leader:0,ISR:0,LeaderEpoch:2,ControllerEpoch:4),ReplicationFactor:1),AllReplicas:0) correlation id 5 from controller 0 epoch 4 for partition [test,0] (state.change.logger)
[2016-07-20 11:01:43,474] TRACE Broker 0 received LeaderAndIsr request (LeaderAndIsrInfo:(Leader:0,ISR:0,LeaderEpoch:1,ControllerEpoch:4),ReplicationFactor:1),AllReplicas:0) correlation id 5 from controller 0 epoch 4 for partition [hello,0] (state.change.logger)
[2016-07-20 11:01:43,474] TRACE Broker 0 received LeaderAndIsr request (LeaderAndIsrInfo:(Leader:0,ISR:0,LeaderEpoch:1,ControllerEpoch:4),ReplicationFactor:1),AllReplicas:0) correlation id 5 from controller 0 epoch 4 for partition [sample,0] (state.change.logger)
[2016-07-20 11:01:43,474] TRACE Broker 0 received LeaderAndIsr request (LeaderAndIsrInfo:(Leader:0,ISR:0,LeaderEpoch:2,ControllerEpoch:4),ReplicationFactor:1),AllReplicas:0) correlation id 5 from controller 0 epoch 4 for partition [helloworld,0] (state.change.logger)
[2016-07-20 11:01:43,474] TRACE Broker 0 handling LeaderAndIsr request correlationId 5 from controller 0 epoch 4 starting the become-leader transition for partition [test,0] (state.change.logger)
[2016-07-20 11:01:43,474] TRACE Broker 0 handling LeaderAndIsr request correlationId 5 from controller 0 epoch 4 starting the become-leader transition for partition [hello,0] (state.change.logger)
[2016-07-20 11:01:43,475] TRACE Broker 0 handling LeaderAndIsr request correlationId 5 from controller 0 epoch 4 starting the become-leader transition for partition [sample,0] (state.change.logger)
[2016-07-20 11:01:43,475] TRACE Broker 0 handling LeaderAndIsr request correlationId 5 from controller 0 epoch 4 starting the become-leader transition for partition [helloworld,0] (state.change.logger)
[2016-07-20 11:01:43,475] TRACE Broker 0 stopped fetchers as part of become-leader request from controller 0 epoch 4 with correlation id 5 for partition [test,0] (state.change.logger)
[2016-07-20 11:01:43,475] TRACE Broker 0 stopped fetchers as part of become-leader request from controller 0 epoch 4 with correlation id 5 for partition [hello,0] (state.change.logger)
[2016-07-20 11:01:43,475] TRACE Broker 0 stopped fetchers as part of become-leader request from controller 0 epoch 4 with correlation id 5 for partition [sample,0] (state.change.logger)
[2016-07-20 11:01:43,475] TRACE Broker 0 stopped fetchers as part of become-leader request from controller 0 epoch 4 with correlation id 5 for partition [helloworld,0] (state.change.logger)
[2016-07-20 11:01:43,476] TRACE Broker 0 completed LeaderAndIsr request correlationId 5 from controller 0 epoch 4 for the become-leader transition for partition [test,0] (state.change.logger)
[2016-07-20 11:01:43,476] TRACE Broker 0 completed LeaderAndIsr request correlationId 5 from controller 0 epoch 4 for the become-leader transition for partition [hello,0] (state.change.logger)
[2016-07-20 11:01:43,476] TRACE Broker 0 completed LeaderAndIsr request correlationId 5 from controller 0 epoch 4 for the become-leader transition for partition [sample,0] (state.change.logger)
[2016-07-20 11:01:43,476] TRACE Broker 0 completed LeaderAndIsr request correlationId 5 from controller 0 epoch 4 for the become-leader transition for partition [helloworld,0] (state.change.logger)
[2016-07-20 11:01:43,477] TRACE Controller 0 epoch 4 received response LeaderAndIsrResponse(5,Map((test,0) -> 0, (hello,0) -> 0, (sample,0) -> 0, (helloworld,0) -> 0),0) for a request sent to broker id:0,host:ajesh,port:9092 (state.change.logger)
[2016-07-20 11:01:43,479] TRACE Broker 0 cached leader info (LeaderAndIsrInfo:(Leader:0,ISR:0,LeaderEpoch:2,ControllerEpoch:4),ReplicationFactor:1),AllReplicas:0) for partition [test,0] in response to UpdateMetadata request sent by controller 0 epoch 4 with correlation id 5 (state.change.logger)
[2016-07-20 11:01:43,479] TRACE Broker 0 cached leader info (LeaderAndIsrInfo:(Leader:0,ISR:0,LeaderEpoch:1,ControllerEpoch:4),ReplicationFactor:1),AllReplicas:0) for partition [hello,0] in response to UpdateMetadata request sent by controller 0 epoch 4 with correlation id 5 (state.change.logger)
[2016-07-20 11:01:43,479] TRACE Broker 0 cached leader info (LeaderAndIsrInfo:(Leader:0,ISR:0,LeaderEpoch:1,ControllerEpoch:4),ReplicationFactor:1),AllReplicas:0) for partition [sample,0] in response to UpdateMetadata request sent by controller 0 epoch 4 with correlation id 5 (state.change.logger)
[2016-07-20 11:01:43,480] TRACE Broker 0 cached leader info (LeaderAndIsrInfo:(Leader:0,ISR:0,LeaderEpoch:2,ControllerEpoch:4),ReplicationFactor:1),AllReplicas:0) for partition [helloworld,0] in response to UpdateMetadata request sent by controller 0 epoch 4 with correlation id 5 (state.change.logger)
[2016-07-20 11:01:43,480] TRACE Controller 0 epoch 4 received response UpdateMetadataResponse(5,0) for a request sent to broker id:0,host:ajesh,port:9092 (state.change.logger)
